[debug] [2019-09-19T12:13:43.074Z] ----------------------------------------------------------------------
[debug] [2019-09-19T12:13:43.076Z] Command:       C:\Program Files\nodejs\node.exe C:\Users\trainer\AppData\Roaming\npm\node_modules\firebase-tools\lib\bin\firebase.js init
[debug] [2019-09-19T12:13:43.076Z] CLI Version:   7.3.2
[debug] [2019-09-19T12:13:43.076Z] Platform:      win32
[debug] [2019-09-19T12:13:43.076Z] Node Version:  v10.15.3
[debug] [2019-09-19T12:13:43.077Z] Time:          Thu Sep 19 2019 19:13:43 GMT+0700 (GMT+07:00)
[debug] [2019-09-19T12:13:43.078Z] ----------------------------------------------------------------------
[debug] 
[debug] [2019-09-19T12:13:43.084Z] > command requires scopes: ["email","openid","https://www.googleapis.com/auth/cloudplatformprojects.readonly","https://www.googleapis.com/auth/firebase","https://www.googleapis.com/auth/cloud-platform"]
[debug] [2019-09-19T12:13:43.084Z] > authorizing via signed-in user
[info] 
     ######## #### ########  ######## ########     ###     ######  ########
     ##        ##  ##     ## ##       ##     ##  ##   ##  ##       ##
     ######    ##  ########  ######   ########  #########  ######  ######
     ##        ##  ##    ##  ##       ##     ## ##     ##       ## ##
     ##       #### ##     ## ######## ########  ##     ##  ######  ########

You're about to initialize a Firebase project in this directory:

  C:\xampp\htdocs\orderSkuy

Before we get started, keep in mind:

  * You are currently outside your home directory

[info] 
=== Project Setup
[info] 
[info] First, let's associate this project directory with a Firebase project.
[info] You can create multiple project aliases by running firebase use --add, 
[info] but for now we'll just set up a default project.
[info] 
[info] i  If you want to create a project in a Google Cloud organization or folder, please use "firebase projects:create" instead, and return to this command when you've created the project.
